[    0.000000] Linux version 4.15.0-143-generic (buildd@lcy01-amd64-001) (gcc version 7.5.0 (Ubuntu 7.5.0-3ubuntu1~18.04)) #147-Ubuntu SMP Wed Apr 14 16:10:11 UTC 2021 (Ubuntu 4.15.0-143.147-generic 4.15.18)
[    0.000000] Command line: BOOT_IMAGE=/boot/vmlinuz-4.15.0-143-generic root=LABEL=cloudimg-rootfs ro console=tty1 console=ttyS0
[    0.000000] KERNEL supported cpus:
[    0.000000]   Intel GenuineIntel
[    0.000000]   AMD AuthenticAMD
[    0.000000]   Centaur CentaurHauls
[    0.000000] x86/fpu: Supporting XSAVE feature 0x001: 'x87 floating point registers'
[    0.000000] x86/fpu: Supporting XSAVE feature 0x002: 'SSE registers'
[    0.000000] x86/fpu: Supporting XSAVE feature 0x004: 'AVX registers'
[    0.000000] x86/fpu: xstate_offset[2]:  576, xstate_sizes[2]:  256
[    0.000000] x86/fpu: Enabled xstate features 0x7, context size is 832 bytes, using 'standard' format.
[    0.000000] e820: BIOS-provided physical RAM map:
[    0.000000] BIOS-e820: [mem 0x0000000000000000-0x000000000009fbff] usable
[    0.000000] BIOS-e820: [mem 0x000000000009fc00-0x000000000009ffff] reserved
[    0.000000] BIOS-e820: [mem 0x00000000000f0000-0x00000000000fffff] reserved
[    0.000000] BIOS-e820: [mem 0x0000000000100000-0x000000003ffeffff] usable
[    0.000000] BIOS-e820: [mem 0x000000003fff0000-0x000000003fffffff] ACPI data
[    0.000000] BIOS-e820: [mem 0x00000000fec00000-0x00000000fec00fff] reserved
[    0.000000] BIOS-e820: [mem 0x00000000fee00000-0x00000000fee00fff] reserved
[    0.000000] BIOS-e820: [mem 0x00000000fffc0000-0x00000000ffffffff] reserved
[    0.000000] NX (Execute Disable) protection: active
[    0.000000] SMBIOS 2.5 present.
[    0.000000] DMI: innotek GmbH VirtualBox/VirtualBox, BIOS VirtualBox 12/01/2006
[    0.000000] Hypervisor detected: KVM
[    0.000000] e820: last_pfn = 0x3fff0 max_arch_pfn = 0x400000000
[    0.000000] MTRR: Disabled
[    0.000000] x86/PAT: MTRRs disabled, skipping PAT initialization too.
[    0.000000] CPU MTRRs all blank - virtualized system.
[    0.000000] x86/PAT: Configuration [0-7]: WB  WT  UC- UC  WB  WT  UC- UC  
[    0.000000] found SMP MP-table at [mem 0x0009fff0-0x0009ffff]
[    0.000000] Scanning 1 areas for low memory corruption
[    0.000000] RAMDISK: [mem 0x359cf000-0x36cdefff]
[    0.000000] ACPI: Early table checksum verification disabled
[    0.000000] ACPI: RSDP 0x00000000000E0000 000024 (v02 VBOX  )
[    0.000000] ACPI: XSDT 0x000000003FFF0030 00003C (v01 VBOX   VBOXXSDT 00000001 ASL  00000061)
[    0.000000] ACPI: FACP 0x000000003FFF00F0 0000F4 (v04 VBOX   VBOXFACP 00000001 ASL  00000061)
[    0.000000] ACPI: DSDT 0x000000003FFF0470 002325 (v02 VBOX   VBOXBIOS 00000002 INTL 20190509)
[    0.000000] ACPI: FACS 0x000000003FFF0200 000040
[    0.000000] ACPI: FACS 0x000000003FFF0200 000040
[    0.000000] ACPI: APIC 0x000000003FFF0240 00005C (v02 VBOX   VBOXAPIC 00000001 ASL  00000061)
[    0.000000] ACPI: SSDT 0x000000003FFF02A0 0001CC (v01 VBOX   VBOXCPUT 00000002 INTL 20190509)
[    0.000000] No NUMA configuration found
[    0.000000] Faking a node at [mem 0x0000000000000000-0x000000003ffeffff]
[    0.000000] NODE_DATA(0) allocated [mem 0x3ffc5000-0x3ffeffff]
[    0.000000] kvm-clock: cpu 0, msr 0:3ff44001, primary cpu clock
[    0.000000] kvm-clock: Using msrs 4b564d01 and 4b564d00
[    0.000000] kvm-clock: using sched offset of 3223177143 cycles
[    0.000000] clocksource: kvm-clock: mask: 0xffffffffffffffff max_cycles: 0x1cd42e4dffb, max_idle_ns: 881590591483 ns
[    0.000000] Zone ranges:
[    0.000000]   DMA      [mem 0x0000000000001000-0x0000000000ffffff]
[    0.000000]   DMA32    [mem 0x0000000001000000-0x000000003ffeffff]
[    0.000000]   Normal   empty
[    0.000000]   Device   empty
[    0.000000] Movable zone start for each node
[    0.000000] Early memory node ranges
[    0.000000]   node   0: [mem 0x0000000000001000-0x000000000009efff]
[    0.000000]   node   0: [mem 0x0000000000100000-0x000000003ffeffff]
[    0.000000] Reserved but unavailable: 98 pages
[    0.000000] Initmem setup node 0 [mem 0x0000000000001000-0x000000003ffeffff]
[    0.000000] ACPI: PM-Timer IO Port: 0x4008
[    0.000000] IOAPIC[0]: apic_id 2, version 32, address 0xfec00000, GSI 0-23
[    0.000000] ACPI: INT_SRC_OVR (bus 0 bus_irq 0 global_irq 2 dfl dfl)
[    0.000000] ACPI: INT_SRC_OVR (bus 0 bus_irq 9 global_irq 9 low level)
[    0.000000] Using ACPI (MADT) for SMP configuration information
[    0.000000] smpboot: Allowing 2 CPUs, 0 hotplug CPUs
[    0.000000] PM: Registered nosave memory: [mem 0x00000000-0x00000fff]
[    0.000000] PM: Registered nosave memory: [mem 0x0009f000-0x0009ffff]
[    0.000000] PM: Registered nosave memory: [mem 0x000a0000-0x000effff]
[    0.000000] PM: Registered nosave memory: [mem 0x000f0000-0x000fffff]
[    0.000000] e820: [mem 0x40000000-0xfebfffff] available for PCI devices
[    0.000000] Booting paravirtualized kernel on KVM
[    0.000000] clocksource: refined-jiffies: mask: 0xffffffff max_cycles: 0xffffffff, max_idle_ns: 7645519600211568 ns
[    0.000000] random: get_random_bytes called from start_kernel+0x99/0x500 with crng_init=0
[    0.000000] setup_percpu: NR_CPUS:8192 nr_cpumask_bits:2 nr_cpu_ids:2 nr_node_ids:1
[    0.000000] percpu: Embedded 45 pages/cpu s147456 r8192 d28672 u1048576
[    0.000000] PV qspinlock hash table entries: 256 (order: 0, 4096 bytes)
[    0.000000] Built 1 zonelists, mobility grouping on.  Total pages: 257913
[    0.000000] Policy zone: DMA32
[    0.000000] Kernel command line: BOOT_IMAGE=/boot/vmlinuz-4.15.0-143-generic root=LABEL=cloudimg-rootfs ro console=tty1 console=ttyS0
[    0.000000] Memory: 982720K/1048120K available (12300K kernel code, 2483K rwdata, 4316K rodata, 2444K init, 2724K bss, 65400K reserved, 0K cma-reserved)
[    0.000000] SLUB: HWalign=64, Order=0-3, MinObjects=0, CPUs=2, Nodes=1
[    0.000000] Kernel/User page tables isolation: enabled
[    0.000000] ftrace: allocating 39437 entries in 155 pages
[    0.004000] Hierarchical RCU implementation.
[    0.004000] 	RCU restricting CPUs from NR_CPUS=8192 to nr_cpu_ids=2.
[    0.004000] 	Tasks RCU enabled.
[    0.004000] RCU: Adjusting geometry for rcu_fanout_leaf=16, nr_cpu_ids=2
[    0.004000] NR_IRQS: 524544, nr_irqs: 440, preallocated irqs: 16
[    0.004000] Console: colour VGA+ 80x25
[    0.004000] console [tty1] enabled
[    0.004000] console [ttyS0] enabled
[    0.004000] ACPI: Core revision 20170831
[    0.004000] ACPI: 2 ACPI AML tables successfully acquired and loaded
[    0.004000] APIC: Switch to symmetric I/O mode setup
[    0.004000] x2apic enabled
[    0.004000] Switched APIC routing to physical x2apic.
[    0.004000] ..TIMER: vector=0x30 apic1=0 pin1=2 apic2=-1 pin2=-1
[    0.004000] tsc: Detected 2208.038 MHz processor
[    0.004010] Calibrating delay loop (skipped) preset value.. 4416.07 BogoMIPS (lpj=8832152)
[    0.005147] pid_max: default: 32768 minimum: 301
[    0.005819] Security Framework initialized
[    0.006399] Yama: becoming mindful.
[    0.006926] AppArmor: AppArmor initialized
[    0.008898] Dentry cache hash table entries: 131072 (order: 8, 1048576 bytes)
[    0.009949] Inode-cache hash table entries: 65536 (order: 7, 524288 bytes)
[    0.010885] Mount-cache hash table entries: 2048 (order: 2, 16384 bytes)
[    0.011810] Mountpoint-cache hash table entries: 2048 (order: 2, 16384 bytes)
[    0.012227] Last level iTLB entries: 4KB 64, 2MB 8, 4MB 8
[    0.012975] Last level dTLB entries: 4KB 64, 2MB 0, 4MB 0, 1GB 4
[    0.013790] Spectre V1 : Mitigation: usercopy/swapgs barriers and __user pointer sanitization
[    0.014951] Spectre V2 : Mitigation: Full generic retpoline
[    0.016002] Spectre V2 : Spectre v2 / SpectreRSB mitigation: Filling RSB on context switch
[    0.017136] Speculative Store Bypass: Vulnerable
[    0.017823] SRBDS: Unknown: Dependent on hypervisor status
[    0.018573] MDS: Mitigation: Clear CPU buffers
[    0.019325] Freeing SMP alternatives memory: 36K
[    0.130205] smpboot: CPU0: Intel(R) Core(TM) i7-8750H CPU @ 2.20GHz (family: 0x6, model: 0x9e, stepping: 0xa)
[    0.131634] Performance Events: unsupported p6 CPU model 158 no PMU driver, software events only.
[    0.132000] Hierarchical SRCU implementation.
[    0.132000] NMI watchdog: Perf event create on CPU 0 failed with -2
[    0.132002] NMI watchdog: Perf NMI watchdog permanently disabled
[    0.133630] smp: Bringing up secondary CPUs ...
[    0.134453] x86: Booting SMP configuration:
[    0.136002] .... node  #0, CPUs:      #1
[    0.004000] kvm-clock: cpu 1, msr 0:3ff44041, secondary cpu clock
[    0.139351] smp: Brought up 1 node, 2 CPUs
[    0.139351] smpboot: Max logical packages: 1
[    0.140004] smpboot: Total of 2 processors activated (8832.15 BogoMIPS)
[    0.140864] devtmpfs: initialized
[    0.140864] x86/mm: Memory block size: 128MB
[    0.141091] evm: security.selinux
[    0.141559] evm: security.SMACK64
[    0.141985] evm: security.SMACK64EXEC
[    0.144002] evm: security.SMACK64TRANSMUTE
[    0.144516] evm: security.SMACK64MMAP
[    0.144997] evm: security.apparmor
[    0.145446] evm: security.ima
[    0.145859] evm: security.capability
[    0.146368] clocksource: jiffies: mask: 0xffffffff max_cycles: 0xffffffff, max_idle_ns: 7645041785100000 ns
[    0.146368] futex hash table entries: 512 (order: 3, 32768 bytes)
[    0.148565] pinctrl core: initialized pinctrl subsystem
[    0.149289] RTC time: 14:10:26, date: 05/20/21
[    0.149991] NET: Registered protocol family 16
[    0.150578] audit: initializing netlink subsys (disabled)
[    0.151248] audit: type=2000 audit(1621519831.527:1): state=initialized audit_enabled=0 res=1
[    0.152006] cpuidle: using governor ladder
[    0.152551] cpuidle: using governor menu
[    0.153081] ACPI: bus type PCI registered
[    0.153610] acpiphp: ACPI Hot Plug PCI Controller Driver version: 0.5
[    0.154425] PCI: Using configuration type 1 for base access
[    0.156712] HugeTLB registered 2.00 MiB page size, pre-allocated 0 pages
[    0.156785] ACPI: Added _OSI(Module Device)
[    0.156785] ACPI: Added _OSI(Processor Device)
[    0.157109] ACPI: Added _OSI(3.0 _SCP Extensions)
[    0.157687] ACPI: Added _OSI(Processor Aggregator Device)
[    0.160006] ACPI: Added _OSI(Linux-Dell-Video)
[    0.160559] ACPI: Added _OSI(Linux-Lenovo-NV-HDMI-Audio)
[    0.161208] ACPI: Added _OSI(Linux-HPI-Hybrid-Graphics)
[    0.162062] ACPI: Executed 1 blocks of module-level executable AML code
[    0.165222] ACPI: Interpreter enabled
[    0.165721] ACPI: (supports S0 S5)
[    0.166176] ACPI: Using IOAPIC for interrupt routing
[    0.166936] PCI: Using host bridge windows from ACPI; if necessary, use "pci=nocrs" and report a bug
[    0.168049] ACPI: Enabled 2 GPEs in block 00 to 07
[    0.172631] ACPI: PCI Root Bridge [PCI0] (domain 0000 [bus 00-ff])
[    0.173416] acpi PNP0A03:00: _OSC: OS supports [ASPM ClockPM Segments MSI]
[    0.174583] acpi PNP0A03:00: _OSC: not requesting OS control; OS requires [ExtendedConfig ASPM ClockPM MSI]
[    0.175710] acpi PNP0A03:00: fail to add MMCONFIG information, can't access extended PCI configuration space under this bridge.
[    0.176264] PCI host bridge to bus 0000:00
[    0.176798] pci_bus 0000:00: root bus resource [io  0x0000-0x0cf7 window]
[    0.177542] pci_bus 0000:00: root bus resource [io  0x0d00-0xffff window]
[    0.178335] pci_bus 0000:00: root bus resource [mem 0x000a0000-0x000bffff window]
[    0.180002] pci_bus 0000:00: root bus resource [mem 0x40000000-0xfdffffff window]
[    0.180924] pci_bus 0000:00: root bus resource [bus 00-ff]
[    0.182823] pci 0000:00:01.1: legacy IDE quirk: reg 0x10: [io  0x01f0-0x01f7]
[    0.183610] pci 0000:00:01.1: legacy IDE quirk: reg 0x14: [io  0x03f6]
[    0.184002] pci 0000:00:01.1: legacy IDE quirk: reg 0x18: [io  0x0170-0x0177]
[    0.185300] pci 0000:00:01.1: legacy IDE quirk: reg 0x1c: [io  0x0376]
[    0.196489] pci 0000:00:07.0: quirk: [io  0x4000-0x403f] claimed by PIIX4 ACPI
[    0.197402] pci 0000:00:07.0: quirk: [io  0x4100-0x410f] claimed by PIIX4 SMB
[    0.201439] ACPI: PCI Interrupt Link [LNKA] (IRQs 5 9 10 *11)
[    0.202417] ACPI: PCI Interrupt Link [LNKB] (IRQs 5 9 *10 11)
[    0.203188] ACPI: PCI Interrupt Link [LNKC] (IRQs 5 *9 10 11)
[    0.204079] ACPI: PCI Interrupt Link [LNKD] (IRQs 5 9 10 *11)
[    0.205042] SCSI subsystem initialized
[    0.205599] pci 0000:00:02.0: vgaarb: setting as boot VGA device
[    0.205599] pci 0000:00:02.0: vgaarb: VGA device added: decodes=io+mem,owns=io+mem,locks=none
[    0.205707] pci 0000:00:02.0: vgaarb: bridge control possible
[    0.208006] vgaarb: loaded
[    0.208436] ACPI: bus type USB registered
[    0.208944] usbcore: registered new interface driver usbfs
[    0.209576] usbcore: registered new interface driver hub
[    0.210210] usbcore: registered new device driver usb
[    0.210876] EDAC MC: Ver: 3.0.0
[    0.210876] PCI: Using ACPI for IRQ routing
[    0.212195] NetLabel: Initializing
[    0.212622] NetLabel:  domain hash size = 128
[    0.213143] NetLabel:  protocols = UNLABELED CIPSOv4 CALIPSO
[    0.213794] NetLabel:  unlabeled traffic allowed by default
[    0.214486] clocksource: Switched to clocksource kvm-clock
[    0.221322] VFS: Disk quotas dquot_6.6.0
[    0.221886] VFS: Dquot-cache hash table entries: 512 (order 0, 4096 bytes)
[    0.222759] AppArmor: AppArmor Filesystem Enabled
[    0.223319] pnp: PnP ACPI init
[    0.224452] pnp: PnP ACPI: found 3 devices
[    0.231841] clocksource: acpi_pm: mask: 0xffffff max_cycles: 0xffffff, max_idle_ns: 2085701024 ns
[    0.232962] NET: Registered protocol family 2
[    0.233639] TCP established hash table entries: 8192 (order: 4, 65536 bytes)
[    0.234489] TCP bind hash table entries: 8192 (order: 5, 131072 bytes)
[    0.235913] TCP: Hash tables configured (established 8192 bind 8192)
[    0.236739] UDP hash table entries: 512 (order: 2, 16384 bytes)
[    0.237456] UDP-Lite hash table entries: 512 (order: 2, 16384 bytes)
[    0.238240] NET: Registered protocol family 1
[    0.238781] pci 0000:00:00.0: Limiting direct PCI/PCI transfers
[    0.239514] pci 0000:00:01.0: Activating ISA DMA hang workarounds
[    0.240281] pci 0000:00:02.0: Video device with shadowed ROM at [mem 0x000c0000-0x000dffff]
[    0.241332] Unpacking initramfs...
[    0.461547] Freeing initrd memory: 19520K
[    0.462214] clocksource: tsc: mask: 0xffffffffffffffff max_cycles: 0x1fd3dbf7b0e, max_idle_ns: 440795209173 ns
[    0.464097] platform rtc_cmos: registered platform RTC device (no PNP device found)
[    0.466776] Scanning for low memory corruption every 60 seconds
[    0.467998] Initialise system trusted keyrings
[    0.468617] Key type blacklist registered
[    0.469334] workingset: timestamp_bits=36 max_order=18 bucket_order=0
[    0.470884] zbud: loaded
[    0.471634] squashfs: version 4.0 (2009/01/31) Phillip Lougher
[    0.472484] fuse init (API version 7.26)
[    0.474380] Key type asymmetric registered
[    0.474927] Asymmetric key parser 'x509' registered
[    0.475570] Block layer SCSI generic (bsg) driver version 0.4 loaded (major 246)
[    0.476617] io scheduler noop registered
[    0.477100] io scheduler deadline registered
[    0.477692] io scheduler cfq registered (default)
[    0.478486] ACPI: AC Adapter [AC] (on-line)
[    0.479065] input: Power Button as /devices/LNXSYSTM:00/LNXPWRBN:00/input/input0
[    0.480090] ACPI: Power Button [PWRF]
[    0.480614] input: Sleep Button as /devices/LNXSYSTM:00/LNXSLPBN:00/input/input1
[    0.481551] ACPI: Sleep Button [SLPF]
[    0.482779] ACPI: Battery Slot [BAT0] (battery present)
[    0.483617] Serial: 8250/16550 driver, 32 ports, IRQ sharing enabled
[    0.504987] 00:02: ttyS0 at I/O 0x3f8 (irq = 4, base_baud = 115200) is a 16550A
[    0.507873] Linux agpgart interface v0.103
[    0.509541] loop: module loaded
[    0.510433] scsi host0: ata_piix
[    0.510963] scsi host1: ata_piix
[    0.511411] ata1: PATA max UDMA/33 cmd 0x1f0 ctl 0x3f6 bmdma 0xd000 irq 14
[    0.512236] ata2: PATA max UDMA/33 cmd 0x170 ctl 0x376 bmdma 0xd008 irq 15
[    0.513148] libphy: Fixed MDIO Bus: probed
[    0.513699] tun: Universal TUN/TAP device driver, 1.6
[    0.514421] PPP generic driver version 2.4.2
[    0.515055] ehci_hcd: USB 2.0 'Enhanced' Host Controller (EHCI) Driver
[    0.515837] ehci-pci: EHCI PCI platform driver
[    0.516443] ehci-platform: EHCI generic platform driver
[    0.517080] ohci_hcd: USB 1.1 'Open' Host Controller (OHCI) Driver
[    0.517823] ohci-pci: OHCI PCI platform driver
[    0.518366] ohci-platform: OHCI generic platform driver
[    0.519057] uhci_hcd: USB Universal Host Controller Interface driver
[    0.519817] i8042: PNP: PS/2 Controller [PNP0303:PS2K,PNP0f03:PS2M] at 0x60,0x64 irq 1,12
[    0.521187] serio: i8042 KBD port at 0x60,0x64 irq 1
[    0.521815] serio: i8042 AUX port at 0x60,0x64 irq 12
[    0.522559] mousedev: PS/2 mouse device common for all mice
[    0.523695] input: AT Translated Set 2 keyboard as /devices/platform/i8042/serio0/input/input2
[    0.524704] rtc_cmos rtc_cmos: rtc core: registered rtc_cmos as rtc0
[    0.525564] rtc_cmos rtc_cmos: alarms up to one day, 114 bytes nvram
[    0.526298] i2c /dev entries driver
[    0.526833] device-mapper: uevent: version 1.0.3
[    0.527488] device-mapper: ioctl: 4.37.0-ioctl (2017-09-20) initialised: dm-devel@redhat.com
[    0.528563] ledtrig-cpu: registered to indicate activity on CPUs
[    0.529544] NET: Registered protocol family 10
[    0.533063] Segment Routing with IPv6
[    0.533545] NET: Registered protocol family 17
[    0.534115] Key type dns_resolver registered
[    0.534992] mce: Using 0 MCE banks
[    0.535425] RAS: Correctable Errors collector initialized.
[    0.536156] sched_clock: Marking stable (536136652, 0)->(652027707, -115891055)
[    0.537674] registered taskstats version 1
[    0.538195] Loading compiled-in X.509 certificates
[    0.540397] Loaded X.509 cert 'Build time autogenerated kernel key: de118354fe72448b469776565e76ac30c08e8db2'
[    0.541980] Loaded X.509 cert 'Canonical Ltd. Live Patch Signing: 14df34d1a87cf37625abec039ef2bf521249b969'
[    0.543525] Loaded X.509 cert 'Canonical Ltd. Kernel Module Signing: 88f752e560a1e0737e31163a466ad7b70a850c19'
[    0.544663] zswap: loaded using pool lzo/zbud
[    0.547747] Key type big_key registered
[    0.548272] Key type trusted registered
[    0.550285] Key type encrypted registered
[    0.550913] AppArmor: AppArmor sha1 policy hashing enabled
[    0.551517] ima: No TPM chip found, activating TPM-bypass! (rc=-19)
[    0.552265] ima: Allocated hash algorithm: sha1
[    0.552796] evm: HMAC attrs: 0x1
[    0.553356]   Magic number: 5:597:182
[    0.553969] rtc_cmos rtc_cmos: setting system clock to 2021-05-20 14:10:26 UTC (1621519826)
[    0.555128] BIOS EDD facility v0.16 2004-Jun-25, 0 devices found
[    0.555827] EDD information not available.
[    0.710137] Freeing unused kernel image memory: 2444K
[    0.720263] Write protecting the kernel read-only data: 20480k
[    0.724975] Freeing unused kernel image memory: 2008K
[    0.728538] Freeing unused kernel image memory: 1828K
[    0.749799] x86/mm: Checked W+X mappings: passed, no W+X pages found.
[    0.751516] x86/mm: Checking user space page tables
[    0.761446] x86/mm: Checked W+X mappings: passed, no W+X pages found.
Loading, please wait...
starting version 237
[    0.815323] e1000: Intel(R) PRO/1000 Network Driver - version 7.3.21-k8-NAPI
[    0.816218] e1000: Copyright (c) 1999-2006 Intel Corporation.
[    0.821028] Fusion MPT base driver 3.04.20
[    0.821649] Copyright (c) 1999-2008 LSI Corporation
[    0.829246] Fusion MPT SPI Host driver 3.04.20
[    0.834097] AVX2 version of gcm_enc/dec engaged.
[    0.834751] AES CTR mode by8 optimization enabled
[    1.030212] input: ImExPS/2 Generic Explorer Mouse as /devices/platform/i8042/serio1/input/input4
[    1.174928] e1000 0000:00:03.0 eth0: (PCI:33MHz:32-bit) 02:99:e6:1d:88:6e
[    1.175837] e1000 0000:00:03.0 eth0: Intel(R) PRO/1000 Network Connection
[    1.177489] mptbase: ioc0: Initiating bringup
[    1.177845] e1000 0000:00:03.0 enp0s3: renamed from eth0
[    1.544920] ioc0: LSI53C1030 A0: Capabilities={Initiator}
[    4.627404] scsi host2: ioc0: LSI53C1030 A0, FwRev=00000000h, Ports=1, MaxQ=256, IRQ=20
[    6.652223] scsi 2:0:0:0: Direct-Access     VBOX     HARDDISK         1.0  PQ: 0 ANSI: 5
[    6.688298] scsi target2:0:0: Beginning Domain Validation
[    6.697604] scsi target2:0:0: Domain Validation skipping write tests
[    6.701261] scsi target2:0:0: Ending Domain Validation
[    6.707228] scsi target2:0:0: asynchronous
[    6.712220] scsi 2:0:1:0: Direct-Access     VBOX     HARDDISK         1.0  PQ: 0 ANSI: 5
[    6.744297] scsi target2:0:1: Beginning Domain Validation
[    6.753228] random: fast init done
[    6.756216] scsi target2:0:1: Domain Validation skipping write tests
[    6.759798] scsi target2:0:1: Ending Domain Validation
[    6.763626] scsi target2:0:1: asynchronous
[    6.784666] random: systemd-udevd: uninitialized urandom read (16 bytes read)
[    6.784852] sd 2:0:0:0: Attached scsi generic sg0 type 0
[    6.788524] random: systemd-udevd: uninitialized urandom read (16 bytes read)
[    6.790959] sd 2:0:1:0: Attached scsi generic sg1 type 0
[    6.793198] random: systemd-udevd: uninitialized urandom read (16 bytes read)
[    6.797024] sd 2:0:0:0: [sda] 83886080 512-byte logical blocks: (42.9 GB/40.0 GiB)
[    6.799123] sd 2:0:1:0: [sdb] 20480 512-byte logical blocks: (10.5 MB/10.0 MiB)
[    6.800926] sd 2:0:1:0: [sdb] Write Protect is off
[    6.802028] sd 2:0:0:0: [sda] Write Protect is off
[    6.804155] sd 2:0:1:0: [sdb] Incomplete mode parameter data
[    6.805180] sd 2:0:1:0: [sdb] Assuming drive cache: write through
[    6.806436] sd 2:0:0:0: [sda] Incomplete mode parameter data
[    6.807491] sd 2:0:0:0: [sda] Assuming drive cache: write through
[    6.810863]  sda: sda1
[    6.812651] sd 2:0:0:0: [sda] Attached SCSI disk
[    6.813778] sd 2:0:1:0: [sdb] Attached SCSI disk
Begin: Loading essential drivers ... [    8.152059] raid6: sse2x1   gen() 13487 MB/s
[    8.200061] raid6: sse2x1   xor()  8884 MB/s
[    8.248064] raid6: sse2x2   gen() 16972 MB/s
[    8.296064] raid6: sse2x2   xor() 11390 MB/s
[    8.344080] raid6: sse2x4   gen() 19374 MB/s
[    8.392061] raid6: sse2x4   xor() 11879 MB/s
[    8.440060] raid6: avx2x1   gen() 27465 MB/s
[    8.488065] raid6: avx2x1   xor() 19342 MB/s
[    8.536059] raid6: avx2x2   gen() 32432 MB/s
[    8.584060] raid6: avx2x2   xor() 20598 MB/s
[    8.632060] raid6: avx2x4   gen() 38219 MB/s
[    8.680027] raid6: avx2x4   xor() 21736 MB/s
[    8.680706] raid6: using algorithm avx2x4 gen() 38219 MB/s
[    8.681378] raid6: .... xor() 21736 MB/s, rmw enabled
[    8.681987] raid6: using avx2x2 recovery algorithm
[    8.683648] xor: automatically using best checksumming function   avx       
[    8.685422] async_tx: api initialized (async)
done.
Begin: Running /scripts/init-premount ... done.
Begin: Mounting root file system ... Begin: Running /scripts/local-top ... done.
Begin: Running /scripts/local-premount ... [    8.719369] Btrfs loaded, crc32c=crc32c-intel
Scanning for Btrfs filesystems
done.
Warning: fsck not present, so skipping root file system
[    8.742720] EXT4-fs (sda1): mounted filesystem with ordered data mode. Opts: (null)
done.
Begin: Running /scripts/local-bottom ... done.
Begin: Running /scripts/init-bottom ... done.
[    8.980542] ip_tables: (C) 2000-2006 Netfilter Core Team
[    8.989717] systemd[1]: systemd 237 running in system mode. (+PAM +AUDIT +SELINUX +IMA +APPARMOR +SMACK +SYSVINIT +UTMP +LIBCRYPTSETUP +GCRYPT +GNUTLS +ACL +XZ +LZ4 +SECCOMP +BLKID +ELFUTILS +KMOD -IDN2 +IDN -PCRE2 default-hierarchy=hybrid)
[    8.992532] systemd[1]: Detected virtualization oracle.
[    8.993329] systemd[1]: Detected architecture x86-64.

Welcome to [1mUbuntu 18.04.5 LTS[0m!

[    9.008751] systemd[1]: Set hostname to <ubuntu>.
[    9.012317] systemd[1]: Initializing machine ID from random generator.
[    9.013228] systemd[1]: Installed transient /etc/machine-id file.
[    9.264581] systemd[1]: Started Forward Password Requests to Wall Directory Watch.
[[0;32m  OK  [0m] Started Forward Password Requests to Wall Directory Watch.
[    9.268337] systemd[1]: Reached target Swap.
[[0;32m  OK  [0m] Reached target Swap.
[    9.270507] systemd[1]: Reached target User and Group Name Lookups.
[[0;32m  OK  [0m] Reached target User and Group Name Lookups.
[    9.275788] systemd[1]: Created slice User and Session Slice.
[[0;32m  OK  [0m] Created slice User and Session Slice.
[[0;32m  OK  [0m] Reached target System Time Synchronized.
[[0;32m  OK  [0m] Set up automount Arbitrary Executab…rmats File System Automount Point.
[[0;32m  OK  [0m] Created slice System Slice.
[[0;32m  OK  [0m] Listening on Journal Audit Socket.
[[0;32m  OK  [0m] Listening on /dev/initctl Compatibility Named Pipe.
[[0;32m  OK  [0m] Created slice system-serial\x2dgetty.slice.
[[0;32m  OK  [0m] Listening on udev Control Socket.
[[0;32m  OK  [0m] Listening on Syslog Socket.
[[0;32m  OK  [0m] Listening on Journal Socket.
         Starting Create list of required st…ce nodes for the current kernel...
[[0;32m  OK  [0m] Listening on Device-mapper event daemon FIFOs.
         Mounting POSIX Message Queue File System...
[[0;32m  OK  [0m] Listening on udev Kernel Socket.
         Starting udev Coldplug all Devices...
[[0;32m  OK  [0m] Listening on Journal Socket (/dev/log).
         Starting Journal Service...
         Starting Set the console keyboard layout...
[[0;32m  OK  [0m] Listening on fsck to fsckd communication Socket.
         Starting File System Check on Root Device...
[[0;32m  OK  [0m] Reached target Slices.
[[0;32m  OK  [0m] Listening on LVM2 poll daemon socket.
         Starting Uncomplicated firewall...
         Mounting Kernel Debug File System...
[[0;32m  OK  [0m] Listening on LVM2 metadata daemon socket.
         Starting Monitoring of LVM2 mirrors…ng dmeventd or progress polling...
[[0;32m  OK  [0m] Listening on Network Service Netlink Socket.
         Mounting Huge Pages File System...
         Starting Load Kernel Modules...
[[0;32m  OK  [0m] Started Journal Service.
[[0;32m  OK  [0m] Started Create list of required sta…vice nodes for the current kernel.
[[0;32m  OK  [0m] Mounted POSIX Message Queue File System.
[[0;32m  OK  [0m] Mounted Kernel Debug File System.
[[0;32m  OK  [0m] Mounted Huge Pages File System.
[[0;32m  OK  [0m] Started File System Check Daemon to report status.
         Starting Create Static Device Nodes in /dev...
[[0;32m  OK  [0m] Started Uncomplicated firewall.
[[0;32m  OK  [0m] Started udev Coldplug all Devices.
[    9.411708] Loading iSCSI transport class v2.0-870.
[    9.417464] iscsi: registered transport (tcp)
[[0;32m  OK  [0m] Started File System Check on Root Device.
[[0;32m  OK  [0m] Started LVM2 metadata daemon.
         Starting Remount Root and Kernel File Systems...
[[0;32m  OK  [0m] Started Create Static Device Nodes in /dev.
[    9.495115] iscsi: registered transport (iser)
[[0;32m  OK  [0m] Started Load Kernel Modules.
         Mounting Kernel Configuration File System...
         Starting Apply Kernel Variables...
         Mounting FUSE Control File System...
[[0;32m  OK  [0m] Mounted Kernel Configuration File System.
[[0;32m  OK  [0m] Mounted FUSE Control File System.
[[0;32m  OK  [0m] Started Remount Root and Kernel File Systems.
         Starting udev Kernel Device Manager...
         Starting Flush Journal to Persistent Storage...
         Starting Load/Save Random Seed...
[[0;32m  OK  [0m] Started Apply Kernel Variables.
[[0;32m  OK  [0m] Started udev Kernel Device Manager.
[[0;32m  OK  [0m] Started Set the console keyboard layout.
[[0;32m  OK  [0m] Started Load/Save Random Seed.
[[0;32m  OK  [0m] Started Monitoring of LVM2 mirrors,…sing dmeventd or progress polling.
[[0;32m  OK  [0m] Started Dispatch Password Requests to Console Directory Watch.
[[0;32m  OK  [0m] Reached target Local Encrypted Volumes.
[[0;32m  OK  [0m] Reached target Local File Systems (Pre).
[[0;32m  OK  [0m] Reached target Local File Systems.
         Starting ebtables ruleset management...
         Starting Commit a transient machine-id on disk...
         Starting Set console font and keymap...
         Starting Tell Plymouth To Write Out Runtime Data...
         Starting AppArmor initialization...
[[0;32m  OK  [0m] Started Set console font and keymap.
[[0;32m  OK  [0m] Started Tell Plymouth To Write Out Runtime Data.
[[0;32m  OK  [0m] Started Flush Journal to Persistent Storage.
         Starting Create Volatile Files and Directories...
[[0;32m  OK  [0m] Started Commit a transient machine-id on disk.
[[0;32m  OK  [0m] Started Create Volatile Files and Directories.
         Starting Update UTMP about System Boot/Shutdown...
[[0;32m  OK  [0m] Started Update UTMP about System Boot/Shutdown.
[[0;32m  OK  [0m] Started ebtables ruleset management.
[[0;32m  OK  [0m] Found device /dev/ttyS0.
[[0;32m  OK  [0m] Listening on Load/Save RF Kill Switch Status /dev/rfkill Watch.
[[0;32m  OK  [0m] Started AppArmor initialization.
         Starting Load AppArmor profiles managed internally by snapd...
         Starting Initial cloud-init job (pre-networking)...
[[0;32m  OK  [0m] Started Load AppArmor profiles managed internally by snapd.
[   11.381805] cloud-init[576]: Cloud-init v. 21.1-19-gbad84ad4-0ubuntu1~18.04.2 running 'init-local' at Thu, 20 May 2021 14:10:37 +0000. Up 11.09 seconds.
[[0;32m  OK  [0m] Started Initial cloud-init job (pre-networking).
[[0;32m  OK  [0m] Reached target Network (Pre).
         Starting Network Service...
[[0;32m  OK  [0m] Started Network Service.
         Starting Wait for Network to be Configured...
         Starting Network Name Resolution...
[[0;32m  OK  [0m] Started Network Name Resolution.
[[0;32m  OK  [0m] Reached target Network.
[[0;32m  OK  [0m] Reached target Host and Network Name Lookups.
[[0;32m  OK  [0m] Started Wait for Network to be Configured.
         Starting Initial cloud-init job (metadata service crawler)...
[   13.341699] cloud-init[690]: Cloud-init v. 21.1-19-gbad84ad4-0ubuntu1~18.04.2 running 'init' at Thu, 20 May 2021 14:10:39 +0000. Up 13.24 seconds.
[   13.343131] cloud-init[690]: ci-info: ++++++++++++++++++++++++++++++++++++++Net device info++++++++++++++++++++++++++++++++++++++
[   13.344608] cloud-init[690]: ci-info: +--------+------+----------------------------+---------------+--------+-------------------+
[   13.346048] cloud-init[690]: ci-info: | Device |  Up  |          Address           |      Mask     | Scope  |     Hw-Address    |
[   13.347492] cloud-init[690]: ci-info: +--------+------+----------------------------+---------------+--------+-------------------+
[   13.348939] cloud-init[690]: ci-info: | enp0s3 | True |         10.0.2.15          | 255.255.255.0 | global | 02:99:e6:1d:88:6e |
[   13.350379] cloud-init[690]: ci-info: | enp0s3 | True | fe80::99:e6ff:fe1d:886e/64 |       .       |  link  | 02:99:e6:1d:88:6e |
[   13.351817] cloud-init[690]: ci-info: |   lo   | True |         127.0.0.1          |   255.0.0.0   |  host  |         .         |
[   13.353279] cloud-init[690]: ci-info: |   lo   | True |          ::1/128           |       .       |  host  |         .         |
[   13.354617] cloud-init[690]: ci-info: +--------+------+----------------------------+---------------+--------+-------------------+
[   13.356013] cloud-init[690]: ci-info: ++++++++++++++++++++++++++++Route IPv4 info+++++++++++++++++++++++++++++
[   13.357215] cloud-init[690]: ci-info: +-------+-------------+----------+-----------------+-----------+-------+
[   13.358348] cloud-init[690]: ci-info: | Route | Destination | Gateway  |     Genmask     | Interface | Flags |
[   13.360069] cloud-init[690]: ci-info: +-------+-------------+----------+-----------------+-----------+-------+
[   13.363625] cloud-init[690]: ci-info: |   0   |   0.0.0.0   | 10.0.2.2 |     0.0.0.0     |   enp0s3  |   UG  |
[   13.364863] cloud-init[690]: ci-info: |   1   |   10.0.2.0  | 0.0.0.0  |  255.255.255.0  |   enp0s3  |   U   |
[   13.367685] cloud-init[690]: ci-info: |   2   |   10.0.2.2  | 0.0.0.0  | 255.255.255.255 |   enp0s3  |   UH  |
[   13.368960] cloud-init[690]: ci-info: +-------+-------------+----------+-----------------+-----------+-------+
[   13.370136] cloud-init[690]: ci-info: +++++++++++++++++++Route IPv6 info+++++++++++++++++++
[   13.371175] cloud-init[690]: ci-info: +-------+-------------+---------+-----------+-------+
[   13.372238] cloud-init[690]: ci-info: | Route | Destination | Gateway | Interface | Flags |
[   13.373488] cloud-init[690]: ci-info: +-------+-------------+---------+-----------+-------+
[   13.375628] cloud-init[690]: ci-info: |   1   |  fe80::/64  |    ::   |   enp0s3  |   U   |
[   13.376543] cloud-init[690]: ci-info: |   3   |    local    |    ::   |   enp0s3  |   U   |
[   13.377419] cloud-init[690]: ci-info: |   4   |   ff00::/8  |    ::   |   enp0s3  |   U   |
[   13.378298] cloud-init[690]: ci-info: +-------+-------------+---------+-----------+-------+
[   13.960946] cloud-init[690]: Generating public/private rsa key pair.
[   13.961550] cloud-init[690]: Your identification has been saved in /etc/ssh/ssh_host_rsa_key.
[   13.962298] cloud-init[690]: Your public key has been saved in /etc/ssh/ssh_host_rsa_key.pub.
[   13.963110] cloud-init[690]: The key fingerprint is:
[   13.963485] cloud-init[690]: SHA256:CsjLtvHP8Rd1RlCZRRzL+6vxfeAcY8FDtgQfxgdOe08 root@ubuntu-bionic
[   13.976239] cloud-init[690]: The key's randomart image is:
[   13.976752] cloud-init[690]: +---[RSA 2048]----+
[   13.977178] cloud-init[690]: |            o=*O+|
[   13.977735] cloud-init[690]: |             =Xo+|
[   13.978351] cloud-init[690]: |             *+=E|
[   13.978994] cloud-init[690]: | . .        . Boo|
[   13.979590] cloud-init[690]: |  o .   S  . o +.|
[   13.980276] cloud-init[690]: | . . . .  .   = .|
[   13.980925] cloud-init[690]: |  =   o    . = +.|
[   13.981580] cloud-init[690]: | . + . o  .   = +|
[   13.982141] cloud-init[690]: |  . ..o ..   ..oo|
[   13.982683] cloud-init[690]: +----[SHA256]-----+
[   13.983560] cloud-init[690]: Generating public/private dsa key pair.
[   13.984582] cloud-init[690]: Your identification has been saved in /etc/ssh/ssh_host_dsa_key.
[   13.985827] cloud-init[690]: Your public key has been saved in /etc/ssh/ssh_host_dsa_key.pub.
[   13.986928] cloud-init[690]: The key fingerprint is:
[   13.987481] cloud-init[690]: SHA256:T1LNKXMjvwnevX9Njjz6QnHc/T8Tpng4LdLAvjBJBdo root@ubuntu-bionic
[   13.988314] cloud-init[690]: The key's randomart image is:
[   13.988852] cloud-init[690]: +---[DSA 1024]----+
[   13.989310] cloud-init[690]: |       .         |
[   13.989786] cloud-init[690]: |      o .  o .   |
[   13.990276] cloud-init[690]: |     . E .= *. ..|
[   13.990771] cloud-init[690]: |        .. *..o o|
[   13.991236] cloud-init[690]: |       .S o .o  .|
[   13.991688] cloud-init[690]: |      . .B o.+ oo|
[   13.992200] cloud-init[690]: |       +. =.B.+++|
[   13.992679] cloud-init[690]: |        oo *.+++=|
[   13.993155] cloud-init[690]: |         .o =+oo=|
[   13.993634] cloud-init[690]: +----[SHA256]-----+
[   13.994132] cloud-init[690]: Generating public/private ecdsa key pair.
[   13.994780] cloud-init[690]: Your identification has been saved in /etc/ssh/ssh_host_ecdsa_key.
[   13.995559] cloud-init[690]: Your public key has been saved in /etc/ssh/ssh_host_ecdsa_key.pub.
[   13.996349] cloud-init[690]: The key fingerprint is:
[   13.996842] cloud-init[690]: SHA256:McPZeJAMOxPQ6obtISUtav6505m7wPofml18KYVIQw4 root@ubuntu-bionic
[   13.998921] cloud-init[690]: The key's randomart image is:
[   13.999608] cloud-init[690]: +---[ECDSA 256]---+
[   14.000251] cloud-init[690]: |   E.+oo..       |[[0;32m  OK  [0m] Started Initial cloud-init job (metadata service crawler).
[[0;32m  OK  [0m] Reached target Network is Online.

         Starting Availability of block devices...
[[0;32m  OK  [0m] Reached target Remote File Systems (Pre).
[[0;32m  OK  [0m] Reached target Remote File Systems.
[[0;32m  OK  [0m] Reached target System Initialization.
[   14.005453] cloud-init[690]: |    + .+o=       |
[   14.007906] cloud-init[690]: |   . =+ B o      |
[[0;32m  OK  [0m] Started ACPI Events Check.
[   14.009491] cloud-init[690]: |  o = oo.=       |
[   14.009853] [cloud-init[0;32m  OK  [0m[690]: ] | . B . .S.       |Started Ubuntu Advantage update messaging.

[   14.010835] [[0;32m  OK  [0m] Listening on D-Bus System Message Bus Socket.
[[0;32m  OK  [0m] Started Daily apt download activities.
cloud-init[690]: |..+ = . . .      |
[   14.012136] cloud-init[690]: |o  *.oo+ o       |
         Starting LXD - unix socket.
[   14.012566] [[0;32m  OK  [0m] Started Daily Cleanup of Temporary Directories.
[[0;32m  OK  [0m] Reached target Paths.
[[0;32m  OK  [0m] Listening on UUID daemon activation socket.
[[0;32m  OK  [0m] Listening on ACPID Listen Socket.
[[0;32m  OK  [0m] Started Message of the Day.
[[0;32m  OK  [0m] Listening on Open-iSCSI iscsid Socket.
[[0;32m  OK  [0m] Started Discard unused blocks once a week.
cloud-init[690]: | ...B+o o        |
         Starting Socket activation for snappy daemon.
[[0;32m  OK  [0m] Started Daily apt upgrade and clean activities.
[[0;32m  OK  [0m] Reached target Timers.
[[0;32m  OK  [0m] Reached target Cloud-config availability.
[   14.017914] cloud-init[690]: | .oB+=o          |
[   14.018962] cloud-init[690]: +----[SHA256]-----+
[   14.019550] cloud-init[690]: Generating public/private ed25519 key pair.
[[0;32m  OK  [0m] Listening on LXD - unix socket.
[[0;32m  OK  [0m] Listening on Socket activation for snappy daemon.
[[0;32m  OK  [0m] Reached target Sockets.
[[0;32m  OK  [0m] Reached target Basic System.
[   14.022074] cloud-init[690]: Your identification has been saved in /etc/ssh/ssh_host_ed25519_key.[[0;32m  OK  [0m] Started D-Bus System Message Bus.

[   14.023810] cloud-init[690]: Your public key has been saved in /etc/ssh/ssh_host_ed25519_key.pub.
[   14.024720] cloud-init[690]: The key fingerprint is:
[   14.025380] cloud-init[690]: SHA256:zPiv6/OtpcO8XwXk3q3GNIoEetU6Mh8aSk82ZVBg4/M root@ubuntu-bionic
[   14.025978] cloud-init[690]: The key's randomart image is:
[   14.026613] cloud-init[690]: +--[ED25519 256]--+
[   14.026972] cloud-init[690]: |        =o.   .  |
[   14.027353] cloud-init[690]: |       o o . o   |
[   14.027945] cloud-init[690]: |        + + . o  |
[   14.028424] cloud-init[690]: |       = B . . o.|
[   14.028779] cloud-init[690]: |      + S E   + +|
[   14.029154] cloud-init[690]: |     . B O + + + |
[   14.029549] cloud-init[690]: |      . +oo o =  |
[   14.030095] cloud-init[690]: |        ..++ o   |
[   14.030618] cloud-init[690]: |       .+=*=o    |
[   14.031109] cloud-init[690]: +----[SHA256]-----+
         Starting Accounts Service...
         Starting Dispatcher daemon for systemd-networkd...
[[0;32m  OK  [0m] Started FUSE filesystem for LXC.
         Starting Permit User Sessions...
         Starting LSB: Record successful boot for GRUB...
         Starting LSB: automatic crash report generation...
         Starting Login Service...
[[0;32m  OK  [0m] Started Regular background program processing daemon.
         Starting Pollinate to seed the pseudo random number generator...
         Starting System Logging Service...
         Starting Snap Daemon...
[[0;32m  OK  [0m] Started irqbalance daemon.
         Starting Virtualbox guest utils...
[[0;32m  OK  [0m] Started Deferred execution scheduler.
         Starting LXD - container startup/shutdown...
[[0;32m  OK  [0m] Started System Logging Service.
[[0;32m  OK  [0m] Started Availability of block devices.
[[0;32m  OK  [0m] Started Permit User Sessions.
[[0;32m  OK  [0m] Started Login Service.
[[0;32m  OK  [0m] Started Unattended Upgrades Shutdown.
         Starting Hold until boot process finishes up...
         Starting Terminate Plymouth Boot Screen...
[[0;32m  OK  [0m] Started Hold until boot process finishes up.
[[0;32m  OK  [0m] Started Serial Getty on ttyS0.
         Starting Set console scheme...
[[0;32m  OK  [0m] Started Terminate Plymouth Boot Screen.
         Starting Authorization Manager...
[[0;32m  OK  [0m] Started Set console scheme.
[[0;32m  OK  [0m] Created slice system-getty.slice.
[[0;32m  OK  [0m] Started Getty on tty1.
[[0;32m  OK  [0m] Reached target Login Prompts.
[[0;32m  OK  [0m] Started LSB: automatic crash report generation.
[[0;32m  OK  [0m] Started LSB: Record successful boot for GRUB.
[[0;32m  OK  [0m] Started Authorization Manager.
[[0;32m  OK  [0m] Started Accounts Service.
[[0;32m  OK  [0m] Started Virtualbox guest utils.
[[0;32m  OK  [0m] Started LXD - container startup/shutdown.
[[0;32m  OK  [0m] Started Dispatcher daemon for systemd-networkd.
[[0;32m  OK  [0m] Started Snap Daemon.
         Starting Wait until snapd is fully seeded...
[[0;32m  OK  [0m] Started Wait until snapd is fully seeded.
         Starting Apply the settings specified in cloud-config...
[   16.137131] cloud-init[1190]: Cloud-init v. 21.1-19-gbad84ad4-0ubuntu1~18.04.2 running 'modules:config' at Thu, 20 May 2021 14:10:41 +0000. Up 15.83 seconds.
[[0;32m  OK  [0m] Started Apply the settings specified in cloud-config.
[[0;32m  OK  [0m] Started Pollinate to seed the pseudo random number generator.
         Starting OpenBSD Secure Shell server...
[[0;32m  OK  [0m] Started OpenBSD Secure Shell server.
[[0;32m  OK  [0m] Reached target Multi-User System.
[[0;32m  OK  [0m] Reached target Graphical Interface.
         Starting Execute cloud user/final scripts...
         Starting Update UTMP about System Runlevel Changes...
[[0;32m  OK  [0m] Started Update UTMP about System Runlevel Changes.
[[0;32m  OK  [0m] Created slice User Slice of vagrant.
         Starting User Manager for UID 1000...
[[0;32m  OK  [0m] Started Session 1 of user vagrant.
[[0;32m  OK  [0m] Started User Manager for UID 1000.
ci-info: no authorized SSH keys fingerprints found for user ubuntu.
<14>May 20 14:10:43 ec2: 
<14>May 20 14:10:43 ec2: #############################################################
<14>May 20 14:10:43 ec2: -----BEGIN SSH HOST KEY FINGERPRINTS-----
<14>May 20 14:10:43 ec2: 1024 SHA256:T1LNKXMjvwnevX9Njjz6QnHc/T8Tpng4LdLAvjBJBdo root@ubuntu-bionic (DSA)
<14>May 20 14:10:43 ec2: 256 SHA256:McPZeJAMOxPQ6obtISUtav6505m7wPofml18KYVIQw4 root@ubuntu-bionic (ECDSA)
<14>May 20 14:10:43 ec2: 256 SHA256:zPiv6/OtpcO8XwXk3q3GNIoEetU6Mh8aSk82ZVBg4/M root@ubuntu-bionic (ED25519)
<14>May 20 14:10:43 ec2: 2048 SHA256:CsjLtvHP8Rd1RlCZRRzL+6vxfeAcY8FDtgQfxgdOe08 root@ubuntu-bionic (RSA)
<14>May 20 14:10:43 ec2: -----END SSH HOST KEY FINGERPRINTS-----
<14>May 20 14:10:43 ec2: #############################################################
-----BEGIN SSH HOST KEY KEYS-----
ecdsa-sha2-nistp256 AAAAE2VjZHNhLXNoYTItbmlzdHAyNTYAAAAIbmlzdHAyNTYAAABBBJVWO4Hd2oHd3lPDaoTAPlcC2Q5ECQmc9kQwZhXACdWdtJz6zh1puo/LX2idhKmaLJLftVXWxKLOrGRRi83+yrA= root@ubuntu-bionic
ssh-ed25519 AAAAC3NzaC1lZDI1NTE5AAAAIPmV6H3iAPGjFN0bLc2mEniqB0oczKOkcVQK8k6+0F6R root@ubuntu-bionic
ssh-rsa AAAAB3NzaC1yc2EAAAADAQABAAABAQC5cN9eFrCIe7W8Pqwfy5nfSWJOVwJ+6aV5Kpkk2KSWzPp6nl9L92V7JTSr/RfsVJ0ilpJ6jPn0FXqv3aqrG6lJf1qmmUpYS+ssYW6809wNJaSa2bJ40pRv8JXhe3zUEDKMctfbSHe7jObGDin7v5SQXbVNxgg1nB1ZOXDkbmhXdg2owJqLnqMDaMyPxq+ZSeM5r3TEhp01nmWIVM8AWKgzjE1nGbe2CLEL8DLd124+V6u11LMc/2ER1/5WyUKs6AosyTsAZ+Cg5jiJ7NpRtgV3l9X7mEYL/MxWP+6oePGies7GwxsSFoBCQ40z5zxyAniXjYGSgWW3DZMxNsr8y7Kd root@ubuntu-bionic
-----END SSH HOST KEY KEYS-----
[   17.460026] cloud-init[1268]: Cloud-init v. 21.1-19-gbad84ad4-0ubuntu1~18.04.2 running 'modules:final' at Thu, 20 May 2021 14:10:43 +0000. Up 17.24 seconds.
[   17.460911] cloud-init[1268]: ci-info: no authorized SSH keys fingerprints found for user ubuntu.
[   17.461951] cloud-init[1268]: Cloud-init v. 21.1-19-gbad84ad4-0ubuntu1~18.04.2 finished at Thu, 20 May 2021 14:10:43 +0000. Datasource DataSourceNoCloud [seed=/dev/sdb][dsmode=net].  Up 17.45 seconds
[[0;32m  OK  [0m] Started Execute cloud user/final scripts.
[[0;32m  OK  [0m] Reached target Cloud-init target.

Ubuntu 18.04.5 LTS ubuntu-bionic ttyS0

ubuntu-bionic login: 